0 info it worked if it ends with ok
1 verbose cli [ '/Users/runyu/opt/anaconda3/bin/node',
1 verbose cli   '/Users/runyu/opt/anaconda3/bin/npm',
1 verbose cli   'run',
1 verbose cli   'build' ]
2 info using npm@3.10.10
3 info using node@v6.13.1
4 verbose stack Error: ENOENT: no such file or directory, open '/Users/runyu/GitHub/Jupyter/package.json'
4 verbose stack     at Error (native)
5 verbose cwd /Users/runyu/GitHub/Jupyter
6 error Darwin 19.4.0
7 error argv "/Users/runyu/opt/anaconda3/bin/node" "/Users/runyu/opt/anaconda3/bin/npm" "run" "build"
8 error node v6.13.1
9 error npm  v3.10.10
10 error path /Users/runyu/GitHub/Jupyter/package.json
11 error code ENOENT
12 error errno -2
13 error syscall open
14 error enoent ENOENT: no such file or directory, open '/Users/runyu/GitHub/Jupyter/package.json'
15 error enoent ENOENT: no such file or directory, open '/Users/runyu/GitHub/Jupyter/package.json'
15 error enoent This is most likely not a problem with npm itself
15 error enoent and is related to npm not being able to find a file.
16 verbose exit [ -2, true ]
